Command line invocation:
    /Applications/Xcode.app/Contents/Developer/usr/bin/xcodebuild -scheme Noorine -destination "generic/platform=iOS Simulator" build

2026-01-28 00:53:51.830 xcodebuild[13583:4165155] [MT] IDERunDestination: Supported platforms for the buildables in the current scheme is empty.
ComputePackagePrebuildTargetDependencyGraph

Prepare packages

CreateBuildRequest

SendProjectDescription

CreateBuildOperation

ComputeTargetDependencyGraph
note: Building targets in dependency order
note: Target dependency graph (1 target)
    Target 'Noorine' in project 'Noorine' (no dependencies)

GatherProvisioningInputs

CreateBuildDescription

ExecuteExternalTool /Applications/Xcode.app/Contents/Developer/Toolchains/XcodeDefault.xctoolchain/usr/bin/clang -v -E -dM -isysroot /Applications/Xcode.app/Contents/Developer/Platforms/iPhoneSimulator.platform/Developer/SDKs/iPhoneSimulator26.2.sdk -x c -c /dev/null

ExecuteExternalTool /Applications/Xcode.app/Contents/Developer/usr/bin/actool --print-asset-tag-combinations --output-format xml1 /Users/yns/Documents/Noorine/Noorine/DesignSystem/Assets.xcassets

ExecuteExternalTool /Applications/Xcode.app/Contents/Developer/usr/bin/actool --version --output-format xml1

ExecuteExternalTool /Applications/Xcode.app/Contents/Developer/usr/bin/xcstringstool compile --dry-run --output-directory /Users/yns/Library/Developer/Xcode/DerivedData/Noorine-boogpvbiuzwpnldidxnqddvgcpjd/Build/Intermediates.noindex/Noorine.build/Debug-iphonesimulator/Noorine.build /Users/yns/Documents/Noorine/Noorine/Features/Profile/Localizable.xcstrings

ExecuteExternalTool /Applications/Xcode.app/Contents/Developer/Toolchains/XcodeDefault.xctoolchain/usr/bin/swiftc --version

ExecuteExternalTool /Applications/Xcode.app/Contents/Developer/Toolchains/XcodeDefault.xctoolchain/usr/bin/ld -version_details

Build description signature: d2970bb871903b16df3eda1fc8009ae5
Build description path: /Users/yns/Library/Developer/Xcode/DerivedData/Noorine-boogpvbiuzwpnldidxnqddvgcpjd/Build/Intermediates.noindex/XCBuildData/d2970bb871903b16df3eda1fc8009ae5.xcbuilddata
ClangStatCache /Applications/Xcode.app/Contents/Developer/Toolchains/XcodeDefault.xctoolchain/usr/bin/clang-stat-cache /Applications/Xcode.app/Contents/Developer/Platforms/iPhoneSimulator.platform/Developer/SDKs/iPhoneSimulator26.2.sdk /Users/yns/Library/Developer/Xcode/DerivedData/SDKStatCaches.noindex/iphonesimulator26.2-23C53-7d00a8b37fbd7999ea79df8ebc024bf0.sdkstatcache
    cd /Users/yns/Documents/Noorine/Noorine/Noorine.xcodeproj
    /Applications/Xcode.app/Contents/Developer/Toolchains/XcodeDefault.xctoolchain/usr/bin/clang-stat-cache /Applications/Xcode.app/Contents/Developer/Platforms/iPhoneSimulator.platform/Developer/SDKs/iPhoneSimulator26.2.sdk -o /Users/yns/Library/Developer/Xcode/DerivedData/SDKStatCaches.noindex/iphonesimulator26.2-23C53-7d00a8b37fbd7999ea79df8ebc024bf0.sdkstatcache

ProcessProductPackaging "" /Users/yns/Library/Developer/Xcode/DerivedData/Noorine-boogpvbiuzwpnldidxnqddvgcpjd/Build/Intermediates.noindex/Noorine.build/Debug-iphonesimulator/Noorine.build/Noorine.app-Simulated.xcent (in target 'Noorine' from project 'Noorine')
    cd /Users/yns/Documents/Noorine/Noorine
    
    Entitlements:
    
    {
    "application-identifier" = "25FS3X3RCW.com.yns.Noorine";
}
    
    builtin-productPackagingUtility -entitlements -format xml -o /Users/yns/Library/Developer/Xcode/DerivedData/Noorine-boogpvbiuzwpnldidxnqddvgcpjd/Build/Intermediates.noindex/Noorine.build/Debug-iphonesimulator/Noorine.build/Noorine.app-Simulated.xcent

ProcessProductPackagingDER /Users/yns/Library/Developer/Xcode/DerivedData/Noorine-boogpvbiuzwpnldidxnqddvgcpjd/Build/Intermediates.noindex/Noorine.build/Debug-iphonesimulator/Noorine.build/Noorine.app-Simulated.xcent /Users/yns/Library/Developer/Xcode/DerivedData/Noorine-boogpvbiuzwpnldidxnqddvgcpjd/Build/Intermediates.noindex/Noorine.build/Debug-iphonesimulator/Noorine.build/Noorine.app-Simulated.xcent.der (in target 'Noorine' from project 'Noorine')
    cd /Users/yns/Documents/Noorine/Noorine
    /usr/bin/derq query -f xml -i /Users/yns/Library/Developer/Xcode/DerivedData/Noorine-boogpvbiuzwpnldidxnqddvgcpjd/Build/Intermediates.noindex/Noorine.build/Debug-iphonesimulator/Noorine.build/Noorine.app-Simulated.xcent -o /Users/yns/Library/Developer/Xcode/DerivedData/Noorine-boogpvbiuzwpnldidxnqddvgcpjd/Build/Intermediates.noindex/Noorine.build/Debug-iphonesimulator/Noorine.build/Noorine.app-Simulated.xcent.der --raw

CompileXCStrings /Users/yns/Library/Developer/Xcode/DerivedData/Noorine-boogpvbiuzwpnldidxnqddvgcpjd/Build/Intermediates.noindex/Noorine.build/Debug-iphonesimulator/Noorine.build/ /Users/yns/Documents/Noorine/Noorine/Features/Profile/Localizable.xcstrings (in target 'Noorine' from project 'Noorine')
    cd /Users/yns/Documents/Noorine/Noorine
    /Applications/Xcode.app/Contents/Developer/usr/bin/xcstringstool compile --output-directory /Users/yns/Library/Developer/Xcode/DerivedData/Noorine-boogpvbiuzwpnldidxnqddvgcpjd/Build/Intermediates.noindex/Noorine.build/Debug-iphonesimulator/Noorine.build /Users/yns/Documents/Noorine/Noorine/Features/Profile/Localizable.xcstrings

ProcessInfoPlistFile /Users/yns/Library/Developer/Xcode/DerivedData/Noorine-boogpvbiuzwpnldidxnqddvgcpjd/Build/Products/Debug-iphonesimulator/Noorine.app/Info.plist /Users/yns/Library/Developer/Xcode/DerivedData/Noorine-boogpvbiuzwpnldidxnqddvgcpjd/Build/Intermediates.noindex/Noorine.build/Debug-iphonesimulator/Noorine.build/empty-Noorine.plist (in target 'Noorine' from project 'Noorine')
    cd /Users/yns/Documents/Noorine/Noorine
    builtin-infoPlistUtility /Users/yns/Library/Developer/Xcode/DerivedData/Noorine-boogpvbiuzwpnldidxnqddvgcpjd/Build/Intermediates.noindex/Noorine.build/Debug-iphonesimulator/Noorine.build/empty-Noorine.plist -producttype com.apple.product-type.application -genpkginfo /Users/yns/Library/Developer/Xcode/DerivedData/Noorine-boogpvbiuzwpnldidxnqddvgcpjd/Build/Products/Debug-iphonesimulator/Noorine.app/PkgInfo -expandbuildsettings -format binary -platform iphonesimulator -additionalcontentfile /Users/yns/Library/Developer/Xcode/DerivedData/Noorine-boogpvbiuzwpnldidxnqddvgcpjd/Build/Intermediates.noindex/Noorine.build/Debug-iphonesimulator/Noorine.build/assetcatalog_generated_info.plist -o /Users/yns/Library/Developer/Xcode/DerivedData/Noorine-boogpvbiuzwpnldidxnqddvgcpjd/Build/Products/Debug-iphonesimulator/Noorine.app/Info.plist

CopyStringsFile /Users/yns/Library/Developer/Xcode/DerivedData/Noorine-boogpvbiuzwpnldidxnqddvgcpjd/Build/Products/Debug-iphonesimulator/Noorine.app/fr.lproj/Localizable.strings /Users/yns/Library/Developer/Xcode/DerivedData/Noorine-boogpvbiuzwpnldidxnqddvgcpjd/Build/Intermediates.noindex/Noorine.build/Debug-iphonesimulator/Noorine.build/fr.lproj/Localizable.strings (in target 'Noorine' from project 'Noorine')
    cd /Users/yns/Documents/Noorine/Noorine
    builtin-copyStrings --validate --outputencoding binary --outfilename Localizable.strings --outdir /Users/yns/Library/Developer/Xcode/DerivedData/Noorine-boogpvbiuzwpnldidxnqddvgcpjd/Build/Products/Debug-iphonesimulator/Noorine.app/fr.lproj -- /Users/yns/Library/Developer/Xcode/DerivedData/Noorine-boogpvbiuzwpnldidxnqddvgcpjd/Build/Intermediates.noindex/Noorine.build/Debug-iphonesimulator/Noorine.build/fr.lproj/Localizable.strings
/Users/yns/Library/Developer/Xcode/DerivedData/Noorine-boogpvbiuzwpnldidxnqddvgcpjd/Build/Intermediates.noindex/Noorine.build/Debug-iphonesimulator/Noorine.build/fr.lproj/Localizable.strings:1:1: note: detected encoding of input file as Unicode (UTF-8) (in target 'Noorine' from project 'Noorine')

CopyStringsFile /Users/yns/Library/Developer/Xcode/DerivedData/Noorine-boogpvbiuzwpnldidxnqddvgcpjd/Build/Products/Debug-iphonesimulator/Noorine.app/en.lproj/Localizable.strings /Users/yns/Library/Developer/Xcode/DerivedData/Noorine-boogpvbiuzwpnldidxnqddvgcpjd/Build/Intermediates.noindex/Noorine.build/Debug-iphonesimulator/Noorine.build/en.lproj/Localizable.strings (in target 'Noorine' from project 'Noorine')
    cd /Users/yns/Documents/Noorine/Noorine
    builtin-copyStrings --validate --outputencoding binary --outfilename Localizable.strings --outdir /Users/yns/Library/Developer/Xcode/DerivedData/Noorine-boogpvbiuzwpnldidxnqddvgcpjd/Build/Products/Debug-iphonesimulator/Noorine.app/en.lproj -- /Users/yns/Library/Developer/Xcode/DerivedData/Noorine-boogpvbiuzwpnldidxnqddvgcpjd/Build/Intermediates.noindex/Noorine.build/Debug-iphonesimulator/Noorine.build/en.lproj/Localizable.strings
/Users/yns/Library/Developer/Xcode/DerivedData/Noorine-boogpvbiuzwpnldidxnqddvgcpjd/Build/Intermediates.noindex/Noorine.build/Debug-iphonesimulator/Noorine.build/en.lproj/Localizable.strings:1:1: note: detected encoding of input file as Unicode (UTF-8) (in target 'Noorine' from project 'Noorine')

SwiftDriver Noorine normal x86_64 com.apple.xcode.tools.swift.compiler (in target 'Noorine' from project 'Noorine')
    cd /Users/yns/Documents/Noorine/Noorine
    builtin-SwiftDriver -- /Applications/Xcode.app/Contents/Developer/Toolchains/XcodeDefault.xctoolchain/usr/bin/swiftc -module-name Noorine -Onone -enforce-exclusivity\=checked @/Users/yns/Library/Developer/Xcode/DerivedData/Noorine-boogpvbiuzwpnldidxnqddvgcpjd/Build/Intermediates.noindex/Noorine.build/Debug-iphonesimulator/Noorine.build/Objects-normal/x86_64/Noorine.SwiftFileList -DDEBUG -default-isolation\=MainActor -enable-bare-slash-regex -enable-upcoming-feature DisableOutwardActorInference -enable-upcoming-feature InferSendableFromCaptures -enable-upcoming-feature GlobalActorIsolatedTypesUsability -enable-upcoming-feature MemberImportVisibility -enable-upcoming-feature InferIsolatedConformances -enable-upcoming-feature NonisolatedNonsendingByDefault -enable-experimental-feature DebugDescriptionMacro -sdk /Applications/Xcode.app/Contents/Developer/Platforms/iPhoneSimulator.platform/Developer/SDKs/iPhoneSimulator26.2.sdk -target x86_64-apple-ios26.2-simulator -g -module-cache-path /Users/yns/Library/Developer/Xcode/DerivedData/ModuleCache.noindex -Xfrontend -serialize-debugging-options -profile-coverage-mapping -profile-generate -enable-testing -index-store-path /Users/yns/Library/Developer/Xcode/DerivedData/Noorine-boogpvbiuzwpnldidxnqddvgcpjd/Index.noindex/DataStore -Xcc -D_LIBCPP_HARDENING_MODE\=_LIBCPP_HARDENING_MODE_DEBUG -swift-version 5 -I /Users/yns/Library/Developer/Xcode/DerivedData/Noorine-boogpvbiuzwpnldidxnqddvgcpjd/Build/Products/Debug-iphonesimulator -F /Users/yns/Library/Developer/Xcode/DerivedData/Noorine-boogpvbiuzwpnldidxnqddvgcpjd/Build/Products/Debug-iphonesimulator -emit-localized-strings -emit-localized-strings-path /Users/yns/Library/Developer/Xcode/DerivedData/Noorine-boogpvbiuzwpnldidxnqddvgcpjd/Build/Intermediates.noindex/Noorine.build/Debug-iphonesimulator/Noorine.build/Objects-normal/x86_64 -c -j10 -enable-batch-mode -incremental -Xcc -ivfsstatcache -Xcc /Users/yns/Library/Developer/Xcode/DerivedData/SDKStatCaches.noindex/iphonesimulator26.2-23C53-7d00a8b37fbd7999ea79df8ebc024bf0.sdkstatcache -output-file-map /Users/yns/Library/Developer/Xcode/DerivedData/Noorine-boogpvbiuzwpnldidxnqddvgcpjd/Build/Intermediates.noindex/Noorine.build/Debug-iphonesimulator/Noorine.build/Objects-normal/x86_64/Noorine-OutputFileMap.json -use-frontend-parseable-output -save-temps -no-color-diagnostics -explicit-module-build -module-cache-path /Users/yns/Library/Developer/Xcode/DerivedData/Noorine-boogpvbiuzwpnldidxnqddvgcpjd/Build/Intermediates.noindex/SwiftExplicitPrecompiledModules -clang-scanner-module-cache-path /Users/yns/Library/Developer/Xcode/DerivedData/ModuleCache.noindex -sdk-module-cache-path /Users/yns/Library/Developer/Xcode/DerivedData/ModuleCache.noindex -serialize-diagnostics -emit-dependencies -emit-module -emit-module-path /Users/yns/Library/Developer/Xcode/DerivedData/Noorine-boogpvbiuzwpnldidxnqddvgcpjd/Build/Intermediates.noindex/Noorine.build/Debug-iphonesimulator/Noorine.build/Objects-normal/x86_64/Noorine.swiftmodule -validate-clang-modules-once -clang-build-session-file /Users/yns/Library/Developer/Xcode/DerivedData/ModuleCache.noindex/Session.modulevalidation -Xcc -I/Users/yns/Library/Developer/Xcode/DerivedData/Noorine-boogpvbiuzwpnldidxnqddvgcpjd/Build/Intermediates.noindex/Noorine.build/Debug-iphonesimulator/Noorine.build/swift-overrides.hmap -emit-const-values -Xfrontend -const-gather-protocols-file -Xfrontend /Users/yns/Library/Developer/Xcode/DerivedData/Noorine-boogpvbiuzwpnldidxnqddvgcpjd/Build/Intermediates.noindex/Noorine.build/Debug-iphonesimulator/Noorine.build/Objects-normal/x86_64/Noorine_const_extract_protocols.json -Xcc -iquote -Xcc /Users/yns/Library/Developer/Xcode/DerivedData/Noorine-boogpvbiuzwpnldidxnqddvgcpjd/Build/Intermediates.noindex/Noorine.build/Debug-iphonesimulator/Noorine.build/Noorine-generated-files.hmap -Xcc -I/Users/yns/Library/Developer/Xcode/DerivedData/Noorine-boogpvbiuzwpnldidxnqddvgcpjd/Build/Intermediates.noindex/Noorine.build/Debug-iphonesimulator/Noorine.build/Noorine-own-target-headers.hmap -Xcc -I/Users/yns/Library/Developer/Xcode/DerivedData/Noorine-boogpvbiuzwpnldidxnqddvgcpjd/Build/Intermediates.noindex/Noorine.build/Debug-iphonesimulator/Noorine.build/Noorine-all-target-headers.hmap -Xcc -iquote -Xcc /Users/yns/Library/Developer/Xcode/DerivedData/Noorine-boogpvbiuzwpnldidxnqddvgcpjd/Build/Intermediates.noindex/Noorine.build/Debug-iphonesimulator/Noorine.build/Noorine-project-headers.hmap -Xcc -I/Users/yns/Library/Developer/Xcode/DerivedData/Noorine-boogpvbiuzwpnldidxnqddvgcpjd/Build/Products/Debug-iphonesimulator/include -Xcc -I/Users/yns/Library/Developer/Xcode/DerivedData/Noorine-boogpvbiuzwpnldidxnqddvgcpjd/Build/Intermediates.noindex/Noorine.build/Debug-iphonesimulator/Noorine.build/DerivedSources-normal/x86_64 -Xcc -I/Users/yns/Library/Developer/Xcode/DerivedData/Noorine-boogpvbiuzwpnldidxnqddvgcpjd/Build/Intermediates.noindex/Noorine.build/Debug-iphonesimulator/Noorine.build/DerivedSources/x86_64 -Xcc -I/Users/yns/Library/Developer/Xcode/DerivedData/Noorine-boogpvbiuzwpnldidxnqddvgcpjd/Build/Intermediates.noindex/Noorine.build/Debug-iphonesimulator/Noorine.build/DerivedSources -Xcc -DDEBUG\=1 -emit-objc-header -emit-objc-header-path /Users/yns/Library/Developer/Xcode/DerivedData/Noorine-boogpvbiuzwpnldidxnqddvgcpjd/Build/Intermediates.noindex/Noorine.build/Debug-iphonesimulator/Noorine.build/Objects-normal/x86_64/Noorine-Swift.h -working-directory /Users/yns/Documents/Noorine/Noorine -experimental-emit-module-separately -disable-cmo

SwiftDriver Noorine normal arm64 com.apple.xcode.tools.swift.compiler (in target 'Noorine' from project 'Noorine')
    cd /Users/yns/Documents/Noorine/Noorine
    builtin-SwiftDriver -- /Applications/Xcode.app/Contents/Developer/Toolchains/XcodeDefault.xctoolchain/usr/bin/swiftc -module-name Noorine -Onone -enforce-exclusivity\=checked @/Users/yns/Library/Developer/Xcode/DerivedData/Noorine-boogpvbiuzwpnldidxnqddvgcpjd/Build/Intermediates.noindex/Noorine.build/Debug-iphonesimulator/Noorine.build/Objects-normal/arm64/Noorine.SwiftFileList -DDEBUG -default-isolation\=MainActor -enable-bare-slash-regex -enable-upcoming-feature DisableOutwardActorInference -enable-upcoming-feature InferSendableFromCaptures -enable-upcoming-feature GlobalActorIsolatedTypesUsability -enable-upcoming-feature MemberImportVisibility -enable-upcoming-feature InferIsolatedConformances -enable-upcoming-feature NonisolatedNonsendingByDefault -enable-experimental-feature DebugDescriptionMacro -sdk /Applications/Xcode.app/Contents/Developer/Platforms/iPhoneSimulator.platform/Developer/SDKs/iPhoneSimulator26.2.sdk -target arm64-apple-ios26.2-simulator -g -module-cache-path /Users/yns/Library/Developer/Xcode/DerivedData/ModuleCache.noindex -Xfrontend -serialize-debugging-options -profile-coverage-mapping -profile-generate -enable-testing -index-store-path /Users/yns/Library/Developer/Xcode/DerivedData/Noorine-boogpvbiuzwpnldidxnqddvgcpjd/Index.noindex/DataStore -Xcc -D_LIBCPP_HARDENING_MODE\=_LIBCPP_HARDENING_MODE_DEBUG -swift-version 5 -I /Users/yns/Library/Developer/Xcode/DerivedData/Noorine-boogpvbiuzwpnldidxnqddvgcpjd/Build/Products/Debug-iphonesimulator -F /Users/yns/Library/Developer/Xcode/DerivedData/Noorine-boogpvbiuzwpnldidxnqddvgcpjd/Build/Products/Debug-iphonesimulator -emit-localized-strings -emit-localized-strings-path /Users/yns/Library/Developer/Xcode/DerivedData/Noorine-boogpvbiuzwpnldidxnqddvgcpjd/Build/Intermediates.noindex/Noorine.build/Debug-iphonesimulator/Noorine.build/Objects-normal/arm64 -c -j10 -enable-batch-mode -incremental -Xcc -ivfsstatcache -Xcc /Users/yns/Library/Developer/Xcode/DerivedData/SDKStatCaches.noindex/iphonesimulator26.2-23C53-7d00a8b37fbd7999ea79df8ebc024bf0.sdkstatcache -output-file-map /Users/yns/Library/Developer/Xcode/DerivedData/Noorine-boogpvbiuzwpnldidxnqddvgcpjd/Build/Intermediates.noindex/Noorine.build/Debug-iphonesimulator/Noorine.build/Objects-normal/arm64/Noorine-OutputFileMap.json -use-frontend-parseable-output -save-temps -no-color-diagnostics -explicit-module-build -module-cache-path /Users/yns/Library/Developer/Xcode/DerivedData/Noorine-boogpvbiuzwpnldidxnqddvgcpjd/Build/Intermediates.noindex/SwiftExplicitPrecompiledModules -clang-scanner-module-cache-path /Users/yns/Library/Developer/Xcode/DerivedData/ModuleCache.noindex -sdk-module-cache-path /Users/yns/Library/Developer/Xcode/DerivedData/ModuleCache.noindex -serialize-diagnostics -emit-dependencies -emit-module -emit-module-path /Users/yns/Library/Developer/Xcode/DerivedData/Noorine-boogpvbiuzwpnldidxnqddvgcpjd/Build/Intermediates.noindex/Noorine.build/Debug-iphonesimulator/Noorine.build/Objects-normal/arm64/Noorine.swiftmodule -validate-clang-modules-once -clang-build-session-file /Users/yns/Library/Developer/Xcode/DerivedData/ModuleCache.noindex/Session.modulevalidation -Xcc -I/Users/yns/Library/Developer/Xcode/DerivedData/Noorine-boogpvbiuzwpnldidxnqddvgcpjd/Build/Intermediates.noindex/Noorine.build/Debug-iphonesimulator/Noorine.build/swift-overrides.hmap -emit-const-values -Xfrontend -const-gather-protocols-file -Xfrontend /Users/yns/Library/Developer/Xcode/DerivedData/Noorine-boogpvbiuzwpnldidxnqddvgcpjd/Build/Intermediates.noindex/Noorine.build/Debug-iphonesimulator/Noorine.build/Objects-normal/arm64/Noorine_const_extract_protocols.json -Xcc -iquote -Xcc /Users/yns/Library/Developer/Xcode/DerivedData/Noorine-boogpvbiuzwpnldidxnqddvgcpjd/Build/Intermediates.noindex/Noorine.build/Debug-iphonesimulator/Noorine.build/Noorine-generated-files.hmap -Xcc -I/Users/yns/Library/Developer/Xcode/DerivedData/Noorine-boogpvbiuzwpnldidxnqddvgcpjd/Build/Intermediates.noindex/Noorine.build/Debug-iphonesimulator/Noorine.build/Noorine-own-target-headers.hmap -Xcc -I/Users/yns/Library/Developer/Xcode/DerivedData/Noorine-boogpvbiuzwpnldidxnqddvgcpjd/Build/Intermediates.noindex/Noorine.build/Debug-iphonesimulator/Noorine.build/Noorine-all-target-headers.hmap -Xcc -iquote -Xcc /Users/yns/Library/Developer/Xcode/DerivedData/Noorine-boogpvbiuzwpnldidxnqddvgcpjd/Build/Intermediates.noindex/Noorine.build/Debug-iphonesimulator/Noorine.build/Noorine-project-headers.hmap -Xcc -I/Users/yns/Library/Developer/Xcode/DerivedData/Noorine-boogpvbiuzwpnldidxnqddvgcpjd/Build/Products/Debug-iphonesimulator/include -Xcc -I/Users/yns/Library/Developer/Xcode/DerivedData/Noorine-boogpvbiuzwpnldidxnqddvgcpjd/Build/Intermediates.noindex/Noorine.build/Debug-iphonesimulator/Noorine.build/DerivedSources-normal/arm64 -Xcc -I/Users/yns/Library/Developer/Xcode/DerivedData/Noorine-boogpvbiuzwpnldidxnqddvgcpjd/Build/Intermediates.noindex/Noorine.build/Debug-iphonesimulator/Noorine.build/DerivedSources/arm64 -Xcc -I/Users/yns/Library/Developer/Xcode/DerivedData/Noorine-boogpvbiuzwpnldidxnqddvgcpjd/Build/Intermediates.noindex/Noorine.build/Debug-iphonesimulator/Noorine.build/DerivedSources -Xcc -DDEBUG\=1 -emit-objc-header -emit-objc-header-path /Users/yns/Library/Developer/Xcode/DerivedData/Noorine-boogpvbiuzwpnldidxnqddvgcpjd/Build/Intermediates.noindex/Noorine.build/Debug-iphonesimulator/Noorine.build/Objects-normal/arm64/Noorine-Swift.h -working-directory /Users/yns/Documents/Noorine/Noorine -experimental-emit-module-separately -disable-cmo

SwiftExplicitDependencyGeneratePcm x86_64 /Users/yns/Library/Developer/Xcode/DerivedData/ModuleCache.noindex/_SwiftConcurrencyShims-26XY507CKYYK5UUFTLG5NP65F.pcm

SwiftExplicitDependencyGeneratePcm x86_64 /Users/yns/Library/Developer/Xcode/DerivedData/ModuleCache.noindex/_Builtin_stddef-4GHWP8AEDT38S03N70X9LMQUQ.pcm

SwiftExplicitDependencyGeneratePcm x86_64 /Users/yns/Library/Developer/Xcode/DerivedData/ModuleCache.noindex/SwiftShims-DXPJMRH19CWUL71N79MDU0L29.pcm

SwiftExplicitDependencyGeneratePcm x86_64 /Users/yns/Library/Developer/Xcode/DerivedData/ModuleCache.noindex/ptrcheck-17MUB504DXAV219OTFZ7622LF.pcm

SwiftExplicitDependencyGeneratePcm x86_64 /Users/yns/Library/Developer/Xcode/DerivedData/ModuleCache.noindex/_Builtin_stdbool-5ZP5QM3MNIDA6R0Z6Q30YRB5Y.pcm

SwiftExplicitDependencyGeneratePcm x86_64 /Users/yns/Library/Developer/Xcode/DerivedData/ModuleCache.noindex/_Builtin_stdarg-3U2PKKYC3HL64E289VY3LLMQO.pcm

SwiftExplicitDependencyGeneratePcm x86_64 /Users/yns/Library/Developer/Xcode/DerivedData/ModuleCache.noindex/DeveloperToolsSupport-8OYF7XPOOW4JETNWKH1Q75ANA.pcm

SwiftExplicitDependencyGeneratePcm x86_64 /Users/yns/Library/Developer/Xcode/DerivedData/ModuleCache.noindex/_Builtin_float-2HVNLECVAGOBQEDBZQ9XI0H3K.pcm

SwiftExplicitDependencyGeneratePcm x86_64 /Users/yns/Library/Developer/Xcode/DerivedData/ModuleCache.noindex/_AvailabilityInternal-4TQUE7JJL76Q3UN8LK8I3945K.pcm

SwiftExplicitDependencyGeneratePcm x86_64 /Users/yns/Library/Developer/Xcode/DerivedData/ModuleCache.noindex/ptrauth-3AKUPY79FCF6P7MVZ0QC5IT6U.pcm

SwiftEmitModule normal arm64 Emitting\ module\ for\ Noorine (in target 'Noorine' from project 'Noorine')

EmitSwiftModule normal arm64 (in target 'Noorine' from project 'Noorine')
    cd /Users/yns/Documents/Noorine/Noorine
    

SwiftCompile normal arm64 Compiling\ LetterLessonView.swift /Users/yns/Documents/Noorine/Noorine/Features/Learning/LetterLessonView.swift (in target 'Noorine' from project 'Noorine')
SwiftCompile normal arm64 /Users/yns/Documents/Noorine/Noorine/Features/Learning/LetterLessonView.swift (in target 'Noorine' from project 'Noorine')
    cd /Users/yns/Documents/Noorine/Noorine
    

SwiftCompile normal arm64 Compiling\ LevelDetailView.swift /Users/yns/Documents/Noorine/Noorine/Features/Learning/LevelDetailView.swift (in target 'Noorine' from project 'Noorine')

SwiftCompile normal arm64 /Users/yns/Documents/Noorine/Noorine/Features/Learning/LevelDetailView.swift (in target 'Noorine' from project 'Noorine')
    cd /Users/yns/Documents/Noorine/Noorine
    

SwiftCompile normal arm64 Compiling\ ProfileView.swift /Users/yns/Documents/Noorine/Noorine/Features/Profile/ProfileView.swift (in target 'Noorine' from project 'Noorine')
SwiftCompile normal arm64 /Users/yns/Documents/Noorine/Noorine/Features/Profile/ProfileView.swift (in target 'Noorine' from project 'Noorine')
    cd /Users/yns/Documents/Noorine/Noorine
    

SwiftCompile normal arm64 Compiling\ FreeDrawingView.swift /Users/yns/Documents/Noorine/Noorine/Features/Learning/FreeDrawingView.swift (in target 'Noorine' from project 'Noorine')
Failed frontend command:
/Applications/Xcode.app/Contents/Developer/Toolchains/XcodeDefault.xctoolchain/usr/bin/swift-frontend -frontend -c /Users/yns/Documents/Noorine/Noorine/Features/ContentView.swift /Users/yns/Documents/Noorine/Noorine/Features/Profile/ProfileView.swift /Users/yns/Documents/Noorine/Noorine/Features/Home/HomeView.swift /Users/yns/Documents/Noorine/Noorine/DesignSystem/Theme.swift /Users/yns/Documents/Noorine/Noorine/Features/Practice/PracticeView.swift /Users/yns/Documents/Noorine/Noorine/Features/Onboarding/SplashScreenView.swift /Users/yns/Documents/Noorine/Noorine/App/NoorineApp.swift /Users/yns/Documents/Noorine/Noorine/DesignSystem/NoorineMascot.swift /Users/yns/Documents/Noorine/Noorine/Core/LanguageManager.swift /Users/yns/Documents/Noorine/Noorine/Models/ArabicLetter.swift /Users/yns/Documents/Noorine/Noorine/Models/LevelProgress.swift /Users/yns/Documents/Noorine/Noorine/Models/UserProgress.swift /Users/yns/Documents/Noorine/Noorine/Core/DataManager.swift /Users/yns/Documents/Noorine/Noorine/Features/Learning/LevelDetailView.swift /Users/yns/Documents/Noorine/Noorine/Features/Learning/LetterLessonView.swift -primary-file /Users/yns/Documents/Noorine/Noorine/Features/Learning/FreeDrawingView.swift /Users/yns/Library/Developer/Xcode/DerivedData/Noorine-boogpvbiuzwpnldidxnqddvgcpjd/Build/Intermediates.noindex/Noorine.build/Debug-iphonesimulator/Noorine.build/DerivedSources/GeneratedAssetSymbols.swift /Users/yns/Library/Developer/Xcode/DerivedData/Noorine-boogpvbiuzwpnldidxnqddvgcpjd/Build/Intermediates.noindex/Noorine.build/Debug-iphonesimulator/Noorine.build/DerivedSources/GeneratedStringSymbols_Localizable.swift -emit-dependencies-path /Users/yns/Library/Developer/Xcode/DerivedData/Noorine-boogpvbiuzwpnldidxnqddvgcpjd/Build/Intermediates.noindex/Noorine.build/Debug-iphonesimulator/Noorine.build/Objects-normal/arm64/FreeDrawingView.d -emit-const-values-path /Users/yns/Library/Developer/Xcode/DerivedData/Noorine-boogpvbiuzwpnldidxnqddvgcpjd/Build/Intermediates.noindex/Noorine.build/Debug-iphonesimulator/Noorine.build/Objects-normal/arm64/FreeDrawingView.swiftconstvalues -emit-reference-dependencies-path /Users/yns/Library/Developer/Xcode/DerivedData/Noorine-boogpvbiuzwpnldidxnqddvgcpjd/Build/Intermediates.noindex/Noorine.build/Debug-iphonesimulator/Noorine.build/Objects-normal/arm64/FreeDrawingView.swiftdeps -serialize-diagnostics-path /Users/yns/Library/Developer/Xcode/DerivedData/Noorine-boogpvbiuzwpnldidxnqddvgcpjd/Build/Intermediates.noindex/Noorine.build/Debug-iphonesimulator/Noorine.build/Objects-normal/arm64/FreeDrawingView.dia -emit-localized-strings -emit-localized-strings-path /Users/yns/Library/Developer/Xcode/DerivedData/Noorine-boogpvbiuzwpnldidxnqddvgcpjd/Build/Intermediates.noindex/Noorine.build/Debug-iphonesimulator/Noorine.build/Objects-normal/arm64 -target arm64-apple-ios26.2-simulator -module-can-import-version DeveloperToolsSupport 23.0.4 23.0.4 -module-can-import-version SwiftUI 7.2.5.1 7.2.5 -module-can-import-version UIKit 9126.2.4.1 9126.2.4 -disable-cross-import-overlay-search -swift-module-cross-import SwiftData /Applications/Xcode.app/Contents/Developer/Platforms/iPhoneSimulator.platform/Developer/SDKs/iPhoneSimulator26.2.sdk/System/Library/Frameworks/SwiftData.framework/Modules/SwiftData.swiftcrossimport/CoreData.swiftoverlay -swift-module-cross-import SwiftData /Applications/Xcode.app/Contents/Developer/Platforms/iPhoneSimulator.platform/Developer/SDKs/iPhoneSimulator26.2.sdk/System/Library/Frameworks/SwiftData.framework/Modules/SwiftData.swiftcrossimport/SwiftUI.swiftoverlay -load-resolved-plugin /Applications/Xcode.app/Contents/Developer/Platforms/iPhoneOS.platform/Developer/usr/lib/swift/host/plugins/libFoundationMacros.dylib\#/Applications/Xcode.app/Contents/Developer/Platforms/iPhoneOS.platform/Developer/usr/bin/swift-plugin-server\#FoundationMacros -load-resolved-plugin /Applications/Xcode.app/Contents/Developer/Platforms/iPhoneOS.platform/Developer/usr/lib/swift/host/plugins/libObservationMacros.dylib\#/Applications/Xcode.app/Contents/Developer/Platforms/iPhoneOS.platform/Developer/usr/bin/swift-plugin-server\#ObservationMacros -load-resolved-plugin /Applications/Xcode.app/Contents/Developer/Platforms/iPhoneOS.platform/Developer/usr/lib/swift/host/plugins/libPreviewsMacros.dylib\#/Applications/Xcode.app/Contents/Developer/Platforms/iPhoneOS.platform/Developer/usr/bin/swift-plugin-server\#PreviewsMacros -load-resolved-plugin /Applications/Xcode.app/Contents/Developer/Platforms/iPhoneOS.platform/Developer/usr/lib/swift/host/plugins/libSwiftDataMacros.dylib\#/Applications/Xcode.app/Contents/Developer/Platforms/iPhoneOS.platform/Developer/usr/bin/swift-plugin-server\#SwiftDataMacros -load-resolved-plugin /Applications/Xcode.app/Contents/Developer/Platforms/iPhoneOS.platform/Developer/usr/lib/swift/host/plugins/libSwiftMacros.dylib\#/Applications/Xcode.app/Contents/Developer/Platforms/iPhoneOS.platform/Developer/usr/bin/swift-plugin-server\#SwiftMacros -load-resolved-plugin /Applications/Xcode.app/Contents/Developer/Platforms/iPhoneOS.platform/Developer/usr/lib/swift/host/plugins/libSwiftUIMacros.dylib\#/Applications/Xcode.app/Contents/Developer/Platforms/iPhoneOS.platform/Developer/usr/bin/swift-plugin-server\#SwiftUIMacros -disable-implicit-swift-modules -Xcc -fno-implicit-modules -Xcc -fno-implicit-module-maps -explicit-swift-module-map-file /Users/yns/Library/Developer/Xcode/DerivedData/Noorine-boogpvbiuzwpnldidxnqddvgcpjd/Build/Intermediates.noindex/Noorine.build/Debug-iphonesimulator/Noorine.build/Objects-normal/arm64/Noorine-dependencies-2.json -Xllvm -aarch64-use-tbi -enable-objc-interop -sdk /Applications/Xcode.app/Contents/Developer/Platforms/iPhoneSimulator.platform/Developer/SDKs/iPhoneSimulator26.2.sdk -I /Users/yns/Library/Developer/Xcode/DerivedData/Noorine-boogpvbiuzwpnldidxnqddvgcpjd/Build/Products/Debug-iphonesimulator -F /Users/yns/Library/Developer/Xcode/DerivedData/Noorine-boogpvbiuzwpnldidxnqddvgcpjd/Build/Products/Debug-iphonesimulator -no-color-diagnostics -Xcc -fno-color-diagnostics -enable-testing -g -debug-info-format\=dwarf -dwarf-version\=5 -module-cache-path /Users/yns/Library/Developer/Xcode/DerivedData/Noorine-boogpvbiuzwpnldidxnqddvgcpjd/Build/Intermediates.noindex/SwiftExplicitPrecompiledModules -profile-generate -profile-coverage-mapping -swift-version 5 -enforce-exclusivity\=checked -Onone -D DEBUG -serialize-debugging-options -const-gather-protocols-file /Users/yns/Library/Developer/Xcode/DerivedData/Noorine-boogpvbiuzwpnldidxnqddvgcpjd/Build/Intermediates.noindex/Noorine.build/Debug-iphonesimulator/Noorine.build/Objects-normal/arm64/Noorine_const_extract_protocols.json -enable-upcoming-feature DisableOutwardActorInference -enable-upcoming-feature InferSendableFromCaptures -enable-upcoming-feature GlobalActorIsolatedTypesUsability -enable-upcoming-feature MemberImportVisibility -enable-upcoming-feature InferIsolatedConformances -enable-upcoming-feature NonisolatedNonsendingByDefault -enable-experimental-feature DebugDescriptionMacro -enable-bare-slash-regex -default-isolation\=MainActor -empty-abi-descriptor -validate-clang-modules-once -clang-build-session-file /Users/yns/Library/Developer/Xcode/DerivedData/ModuleCache.noindex/Session.modulevalidation -Xcc -working-directory -Xcc /Users/yns/Documents/Noorine/Noorine -enable-anonymous-context-mangled-names -file-compilation-dir /Users/yns/Documents/Noorine/Noorine -Xcc -D_LIBCPP_HARDENING_MODE\=_LIBCPP_HARDENING_MODE_DEBUG -Xcc -ivfsstatcache -Xcc /Users/yns/Library/Developer/Xcode/DerivedData/SDKStatCaches.noindex/iphonesimulator26.2-23C53-7d00a8b37fbd7999ea79df8ebc024bf0.sdkstatcache -Xcc -I/Users/yns/Library/Developer/Xcode/DerivedData/Noorine-boogpvbiuzwpnldidxnqddvgcpjd/Build/Intermediates.noindex/Noorine.build/Debug-iphonesimulator/Noorine.build/swift-overrides.hmap -Xcc -iquote -Xcc /Users/yns/Library/Developer/Xcode/DerivedData/Noorine-boogpvbiuzwpnldidxnqddvgcpjd/Build/Intermediates.noindex/Noorine.build/Debug-iphonesimulator/Noorine.build/Noorine-generated-files.hmap -Xcc -I/Users/yns/Library/Developer/Xcode/DerivedData/Noorine-boogpvbiuzwpnldidxnqddvgcpjd/Build/Intermediates.noindex/Noorine.build/Debug-iphonesimulator/Noorine.build/Noorine-own-target-headers.hmap -Xcc -I/Users/yns/Library/Developer/Xcode/DerivedData/Noorine-boogpvbiuzwpnldidxnqddvgcpjd/Build/Intermediates.noindex/Noorine.build/Debug-iphonesimulator/Noorine.build/Noorine-all-target-headers.hmap -Xcc -iquote -Xcc /Users/yns/Library/Developer/Xcode/DerivedData/Noorine-boogpvbiuzwpnldidxnqddvgcpjd/Build/Intermediates.noindex/Noorine.build/Debug-iphonesimulator/Noorine.build/Noorine-project-headers.hmap -Xcc -I/Users/yns/Library/Developer/Xcode/DerivedData/Noorine-boogpvbiuzwpnldidxnqddvgcpjd/Build/Products/Debug-iphonesimulator/include -Xcc -I/Users/yns/Library/Developer/Xcode/DerivedData/Noorine-boogpvbiuzwpnldidxnqddvgcpjd/Build/Intermediates.noindex/Noorine.build/Debug-iphonesimulator/Noorine.build/DerivedSources-normal/arm64 -Xcc -I/Users/yns/Library/Developer/Xcode/DerivedData/Noorine-boogpvbiuzwpnldidxnqddvgcpjd/Build/Intermediates.noindex/Noorine.build/Debug-iphonesimulator/Noorine.build/DerivedSources/arm64 -Xcc -I/Users/yns/Library/Developer/Xcode/DerivedData/Noorine-boogpvbiuzwpnldidxnqddvgcpjd/Build/Intermediates.noindex/Noorine.build/Debug-iphonesimulator/Noorine.build/DerivedSources -Xcc -DDEBUG\=1 -no-auto-bridging-header-chaining -module-name Noorine -frontend-parseable-output -disable-clang-spi -target-sdk-version 26.2 -target-sdk-name iphonesimulator26.2 -clang-target arm64-apple-ios26.2-simulator -in-process-plugin-server-path /Applications/Xcode.app/Contents/Developer/Toolchains/XcodeDefault.xctoolchain/usr/lib/swift/host/libSwiftInProcPluginServer.dylib -o /Users/yns/Library/Developer/Xcode/DerivedData/Noorine-boogpvbiuzwpnldidxnqddvgcpjd/Build/Intermediates.noindex/Noorine.build/Debug-iphonesimulator/Noorine.build/Objects-normal/arm64/FreeDrawingView.o -index-unit-output-path /Noorine.build/Debug-iphonesimulator/Noorine.build/Objects-normal/arm64/FreeDrawingView.o -index-store-path /Users/yns/Library/Developer/Xcode/DerivedData/Noorine-boogpvbiuzwpnldidxnqddvgcpjd/Index.noindex/DataStore -index-system-modules

SwiftCompile normal arm64 /Users/yns/Documents/Noorine/Noorine/Features/Learning/FreeDrawingView.swift (in target 'Noorine' from project 'Noorine')
    cd /Users/yns/Documents/Noorine/Noorine
    
/Users/yns/Documents/Noorine/Noorine/Features/Learning/FreeDrawingView.swift:9:38: error: cannot find 'DrawingCanvasModel' in scope
    @StateObject private var model = DrawingCanvasModel()
                                     ^~~~~~~~~~~~~~~~~~
/Users/yns/Documents/Noorine/Noorine/Features/Learning/FreeDrawingView.swift:12:39: error: cannot find 'ArabicFunFacts' in scope
    @State private var mascotDetail = ArabicFunFacts.randomFact()
                                      ^~~~~~~~~~~~~~
/Users/yns/Documents/Noorine/Noorine/Features/Learning/FreeDrawingView.swift:14:36: error: cannot find type 'EmotionalMascot' in scope
    @State private var mascotMood: EmotionalMascot.Mood = .neutral
                                   ^~~~~~~~~~~~~~~
/Users/yns/Documents/Noorine/Noorine/Features/Learning/FreeDrawingView.swift:16:41: error: cannot find 'ArabicFunFacts' in scope
    @State private var currentFunFact = ArabicFunFacts.randomFact()
                                        ^~~~~~~~~~~~~~
/Users/yns/Documents/Noorine/Noorine/Features/Learning/FreeDrawingView.swift:6:19: error: cannot find type 'LetterFormType' in scope
    let formType: LetterFormType
                  ^~~~~~~~~~~~~~
/Users/yns/Documents/Noorine/Noorine/Features/Learning/FreeDrawingView.swift:50:17: error: cannot find 'FreeDrawingCanvas' in scope
                FreeDrawingCanvas(
                ^~~~~~~~~~~~~~~~~
/Users/yns/Documents/Noorine/Noorine/Features/Learning/FreeDrawingView.swift:140:17: error: cannot find 'EmotionalMascot' in scope
                EmotionalMascot(mood: mascotMood, size: 80)
                ^~~~~~~~~~~~~~~
/Users/yns/Documents/Noorine/Noorine/Features/Learning/FreeDrawingView.swift:142:17: error: cannot find 'SpeechBubble' in scope
                SpeechBubble(
                ^~~~~~~~~~~~
/Users/yns/Documents/Noorine/Noorine/Features/Learning/FreeDrawingView.swift:169:23: error: cannot find 'ArabicFunFacts' in scope
        let newFact = ArabicFunFacts.randomFact()
                      ^~~~~~~~~~~~~~
/Users/yns/Documents/Noorine/Noorine/Features/Learning/FreeDrawingView.swift:174:23: error: cannot infer contextual base in reference to member 'neutral'
        mascotMood = .neutral
                     ~^~~~~~~
/Users/yns/Documents/Noorine/Noorine/Features/Learning/FreeDrawingView.swift:181:23: error: cannot infer contextual base in reference to member 'happy'
        mascotMood = .happy
                     ~^~~~~
/Users/yns/Documents/Noorine/Noorine/Features/Learning/FreeDrawingView.swift:196:23: error: cannot infer contextual base in reference to member 'thinking'
        mascotMood = .thinking
                     ~^~~~~~~~
/Users/yns/Documents/Noorine/Noorine/Features/Learning/FreeDrawingView.swift:204:30: error: cannot find 'DrawingCanvasModel' in scope
        let referenceImage = DrawingCanvasModel.renderReferenceLetter(currentForm, size: canvasSize, font: font)
                             ^~~~~~~~~~~~~~~~~~
/Users/yns/Documents/Noorine/Noorine/Features/Learning/FreeDrawingView.swift:206:9: error: cannot find 'RecognitionEngine' in scope
        RecognitionEngine.evaluate(
        ^~~~~~~~~~~~~~~~~
/Users/yns/Documents/Noorine/Noorine/Features/Learning/FreeDrawingView.swift:238:40: error: cannot find 'ArabicFunFacts' in scope
                        mascotDetail = ArabicFunFacts.randomEncouragement()
                                       ^~~~~~~~~~~~~~
/Users/yns/Documents/Noorine/Noorine/Features/Learning/FreeDrawingView.swift:246:32: error: cannot find 'ArabicFunFacts' in scope
                mascotDetail = ArabicFunFacts.randomEncouragement()
                               ^~~~~~~~~~~~~~
/Users/yns/Documents/Noorine/Noorine/Features/Learning/FreeDrawingView.swift:250:34: error: cannot find 'ArabicFunFacts' in scope
                currentFunFact = ArabicFunFacts.randomFact()
                                 ^~~~~~~~~~~~~~

SwiftCompile normal arm64 Compiling\ HomeView.swift /Users/yns/Documents/Noorine/Noorine/Features/Home/HomeView.swift (in target 'Noorine' from project 'Noorine')

SwiftCompile normal arm64 /Users/yns/Documents/Noorine/Noorine/Features/Home/HomeView.swift (in target 'Noorine' from project 'Noorine')
    cd /Users/yns/Documents/Noorine/Noorine
    

SwiftExplicitDependencyGeneratePcm x86_64 /Users/yns/Library/Developer/Xcode/DerivedData/ModuleCache.noindex/_DarwinFoundation1-6I815AVPMQEUUREAD3EC2HLYP.pcm

SwiftExplicitDependencyGeneratePcm x86_64 /Users/yns/Library/Developer/Xcode/DerivedData/ModuleCache.noindex/_Builtin_limits-7LUXT5W23J5VJYJBL7U4L8O7V.pcm

SwiftExplicitDependencyGeneratePcm x86_64 /Users/yns/Library/Developer/Xcode/DerivedData/ModuleCache.noindex/_DarwinFoundation2-5JD4RR2691NLYP1ZR6R7O30IC.pcm

SwiftExplicitDependencyGeneratePcm x86_64 /Users/yns/Library/Developer/Xcode/DerivedData/ModuleCache.noindex/sys_types-4DEYD41DP54RPVUCEYEJW3AVO.pcm

SwiftExplicitDependencyGeneratePcm x86_64 /Users/yns/Library/Developer/Xcode/DerivedData/ModuleCache.noindex/_Builtin_tgmath-3CQDB183VIUMLE8UNOT6VM84T.pcm

SwiftExplicitDependencyGeneratePcm x86_64 /Users/yns/Library/Developer/Xcode/DerivedData/ModuleCache.noindex/_Builtin_stdint-2RGOBB7BF8FC66GG0ZFEHKDIP.pcm

SwiftExplicitDependencyGeneratePcm x86_64 /Users/yns/Library/Developer/Xcode/DerivedData/ModuleCache.noindex/_DarwinFoundation3-E9EMEFVBEVTQL7E1DVM1KZMV9.pcm

SwiftExplicitDependencyGeneratePcm x86_64 /Users/yns/Library/Developer/Xcode/DerivedData/ModuleCache.noindex/_Builtin_stdatomic-6DPI9BTV1IQ3B34XRFTYKG7NB.pcm

SwiftExplicitDependencyGeneratePcm x86_64 /Users/yns/Library/Developer/Xcode/DerivedData/ModuleCache.noindex/_Builtin_intrinsics-AX8P4LCMD4HHKJFXUZD5JVCPT.pcm

SwiftExplicitDependencyGeneratePcm x86_64 /Users/yns/Library/Developer/Xcode/DerivedData/ModuleCache.noindex/_Builtin_inttypes-731LHUQIN35NMG0US6DPDWCCZ.pcm

** BUILD FAILED **


The following build commands failed:
	SwiftCompile normal arm64 Compiling\ FreeDrawingView.swift /Users/yns/Documents/Noorine/Noorine/Features/Learning/FreeDrawingView.swift (in target 'Noorine' from project 'Noorine')
	SwiftCompile normal arm64 /Users/yns/Documents/Noorine/Noorine/Features/Learning/FreeDrawingView.swift (in target 'Noorine' from project 'Noorine')
	Building project Noorine with scheme Noorine
(3 failures)
